<?xml version="1.0" encoding="UTF-8"?>
<testng-results ignored="0" total="1" passed="1" failed="0" skipped="0">
  <reporter-output>
  </reporter-output>
  <suite started-at="2023-09-11T22:32:16 IST" name="Default suite" finished-at="2023-09-11T22:32:30 IST" duration-ms="14618">
    <groups>
    </groups>
    <test started-at="2023-09-11T22:32:16 IST" name="Default test" finished-at="2023-09-11T22:32:30 IST" duration-ms="14618">
      <class name="com.tests.GreenKartTest">
        <test-method is-config="true" signature="setupTest(java.lang.String)[pri:0, instance:com.tests.GreenKartTest@5890e879]" started-at="2023-09-11T22:32:16 IST" name="setupTest" finished-at="2023-09-11T22:32:27 IST" duration-ms="11172" status="PASS">
          <params>
            <param index="0">
              <value>
                <![CDATA[chrome]]>
              </value>
            </param>
          </params>
          <reporter-output>
          </reporter-output>
        </test-method> <!-- setupTest -->
        <test-method signature="verifyLoginPageTitleTest()[pri:1, instance:com.tests.GreenKartTest@5890e879]" started-at="2023-09-11T22:32:27 IST" name="verifyLoginPageTitleTest" finished-at="2023-09-11T22:32:29 IST" duration-ms="2564" status="PASS">
          <reporter-output>
          </reporter-output>
        </test-method> <!-- verifyLoginPageTitleTest -->
        <test-method is-config="true" signature="tearDown()[pri:0, instance:com.tests.GreenKartTest@5890e879]" started-at="2023-09-11T22:32:29 IST" name="tearDown" finished-at="2023-09-11T22:32:30 IST" duration-ms="810" status="PASS">
          <reporter-output>
          </reporter-output>
        </test-method> <!-- tearDown -->
      </class> <!-- com.tests.GreenKartTest -->
    </test> <!-- Default test -->
  </suite> <!-- Default suite -->
</testng-results>
